#
# There is insufficient memory for the Java Runtime Environment to continue.
# Native memory allocation (malloc) failed to allocate 32744 bytes for Chunk::new
# Possible reasons:
#   The system is out of physical RAM or swap space
#   The process is running with CompressedOops enabled, and the Java Heap may be blocking the growth of the native heap
# Possible solutions:
#   Reduce memory load on the system
#   Increase physical memory or swap space
#   Check if swap backing store is full
#   Decrease Java heap size (-Xmx/-Xms)
#   Decrease number of Java threads
#   Decrease Java thread stack sizes (-Xss)
#   Set larger code cache with -XX:ReservedCodeCacheSize=
#   JVM is running with Unscaled Compressed Oops mode in which the Java heap is
#     placed in the first 4GB address space. The Java Heap base address is the
#     maximum limit for the native heap growth. Please use -XX:HeapBaseMinAddress
#     to set the Java Heap base and to place the Java Heap above 4GB virtual address.
# This output file may be truncated or incomplete.
#
#  Out of Memory Error (arena.cpp:184), pid=7668, tid=2596
#
# JRE version: OpenJDK Runtime Environment (18.0.1.1+2) (build 18.0.1.1+2-6)
# Java VM: OpenJDK 64-Bit Server VM (18.0.1.1+2-6, mixed mode, emulated-client, sharing, tiered, compressed oops, compressed class ptrs, g1 gc, windows-amd64)
# No core dump will be written. Minidumps are not enabled by default on client versions of Windows
#

---------------  S U M M A R Y ------------

Command Line: -XX:TieredStopAtLevel=1 -Xverify:none -Dspring.output.ansi.enabled=always -Dcom.sun.management.jmxremote -Dspring.jmx.enabled=true -Dspring.liveBeansView.mbeanDomain -Dspring.application.admin.enabled=true -javaagent:D:\IntelllJAVA\IntelliJ IDEA 2022.1.1\lib\idea_rt.jar=60713:D:\IntelllJAVA\IntelliJ IDEA 2022.1.1\bin -Dfile.encoding=UTF-8 com.example.demo3trangthaijava.Demo3trangthaiJavaApplication

Host: Intel(R) Core(TM) i5-6198DU CPU @ 2.30GHz, 4 cores, 3G,  Windows 10 , 64 bit Build 19041 (10.0.19041.1706)
Time: Wed May 25 23:16:04 2022 SE Asia Standard Time elapsed time: 2.475358 seconds (0d 0h 0m 2s)

---------------  T H R E A D  ---------------

Current thread (0x0000016265cdea90):  JavaThread "C1 CompilerThread0" daemon [_thread_in_native, id=2596, stack(0x00000055e5100000,0x00000055e5200000)]


Current CompileTask:
C1:   2475 1176       1       java.net.URLStreamHandler::parseURL (1124 bytes)

Stack: [0x00000055e5100000,0x00000055e5200000]
Native frames: (J=compiled Java code, j=interpreted, Vv=VM code, C=native code)
V  [jvm.dll+0x69887a]
V  [jvm.dll+0x7f38bd]
V  [jvm.dll+0x7f51ce]
V  [jvm.dll+0x7f5883]
V  [jvm.dll+0x25ca3f]
V  [jvm.dll+0xb8c2f]
V  [jvm.dll+0xb8fa5]
V  [jvm.dll+0x1a2a72]
V  [jvm.dll+0x1a3849]
V  [jvm.dll+0x1a279a]
V  [jvm.dll+0x1483dd]
V  [jvm.dll+0x148640]
V  [jvm.dll+0x148926]
V  [jvm.dll+0x147d9a]
V  [jvm.dll+0x149a81]
V  [jvm.dll+0x23e8ca]
V  [jvm.dll+0x23cbb5]
V  [jvm.dll+0x7a5fb1]
V  [jvm.dll+0x7a03ea]
V  [jvm.dll+0x697725]
C  [ucrtbase.dll+0x21bb2]
C  [KERNEL32.DLL+0x17034]
C  [ntdll.dll+0x52651]


---------------  P R O C E S S  ---------------

Threads class SMR info:
_java_thread_list=0x00000162794a1760, length=13, elements={
0x0000016265c201e0, 0x0000016265cbf120, 0x0000016265cc0ca0, 0x0000016265cd6d00,
0x0000016265cd7870, 0x0000016265cd9a10, 0x0000016265cdaa60, 0x0000016265cdea90,
0x0000016274c8f2e0, 0x0000016274d6d3c0, 0x000001627937e7c0, 0x000001627937ec80,
0x00000162794d75b0
}

Java Threads: ( => current thread )
  0x0000016265c201e0 JavaThread "main" [_thread_in_vm, id=9916, stack(0x00000055e4400000,0x00000055e4500000)]
  0x0000016265cbf120 JavaThread "Reference Handler" daemon [_thread_blocked, id=10216, stack(0x00000055e4b00000,0x00000055e4c00000)]
  0x0000016265cc0ca0 JavaThread "Finalizer" daemon [_thread_blocked, id=11508, stack(0x00000055e4c00000,0x00000055e4d00000)]
  0x0000016265cd6d00 JavaThread "Signal Dispatcher" daemon [_thread_blocked, id=8124, stack(0x00000055e4d00000,0x00000055e4e00000)]
  0x0000016265cd7870 JavaThread "Attach Listener" daemon [_thread_blocked, id=3360, stack(0x00000055e4e00000,0x00000055e4f00000)]
  0x0000016265cd9a10 JavaThread "Service Thread" daemon [_thread_blocked, id=9848, stack(0x00000055e4f00000,0x00000055e5000000)]
  0x0000016265cdaa60 JavaThread "Monitor Deflation Thread" daemon [_thread_blocked, id=5864, stack(0x00000055e5000000,0x00000055e5100000)]
=>0x0000016265cdea90 JavaThread "C1 CompilerThread0" daemon [_thread_in_native, id=2596, stack(0x00000055e5100000,0x00000055e5200000)]
  0x0000016274c8f2e0 JavaThread "Sweeper thread" daemon [_thread_blocked, id=2784, stack(0x00000055e5200000,0x00000055e5300000)]
  0x0000016274d6d3c0 JavaThread "Common-Cleaner" daemon [_thread_blocked, id=5756, stack(0x00000055e5300000,0x00000055e5400000)]
  0x000001627937e7c0 JavaThread "Monitor Ctrl-Break" daemon [_thread_in_native, id=10784, stack(0x00000055e5400000,0x00000055e5500000)]
  0x000001627937ec80 JavaThread "Notification Thread" daemon [_thread_blocked, id=5732, stack(0x00000055e5500000,0x00000055e5600000)]
  0x00000162794d75b0 JavaThread "RMI TCP Accept-0" daemon [_thread_in_native, id=4496, stack(0x00000055e5600000,0x00000055e5700000)]

Other Threads:
  0x0000016265cb9660 VMThread "VM Thread" [stack: 0x00000055e4a00000,0x00000055e4b00000] [id=2184]
  0x00000162794ee1f0 WatcherThread "VM Periodic Task Thread" [stack: 0x00000055e5700000,0x00000055e5800000] [id=11148]
  0x0000016265c5fe50 WorkerThread "GC Thread#0" [stack: 0x00000055e4500000,0x00000055e4600000] [id=2020]
  0x000001627959e390 WorkerThread "GC Thread#1" [stack: 0x00000055e5800000,0x00000055e5900000] [id=7068]
  0x00000162795b5f90 WorkerThread "GC Thread#2" [stack: 0x00000055e5900000,0x00000055e5a00000] [id=2992]
  0x00000162795b6230 WorkerThread "GC Thread#3" [stack: 0x00000055e5a00000,0x00000055e5b00000] [id=7524]
  0x0000016265c69860 ConcurrentGCThread "G1 Main Marker" [stack: 0x00000055e4600000,0x00000055e4700000] [id=9576]
  0x0000016265c6a160 WorkerThread "G1 Conc#0" [stack: 0x00000055e4700000,0x00000055e4800000] [id=8616]
  0x0000016265c917b0 ConcurrentGCThread "G1 Refine#0" [stack: 0x00000055e4800000,0x00000055e4900000] [id=5764]
  0x00000162795b64d0 ConcurrentGCThread "G1 Refine#1" [stack: 0x00000055e5b00000,0x00000055e5c00000] [id=7356]
  0x0000016265c91fd0 ConcurrentGCThread "G1 Service" [stack: 0x00000055e4900000,0x00000055e4a00000] [id=5964]

Threads with active compile tasks:
C1 CompilerThread0     2539 1176       1       java.net.URLStreamHandler::parseURL (1124 bytes)

VM state: not at safepoint (normal execution)

VM Mutex/Monitor currently owned by a thread: None

Heap address: 0x00000000c2200000, size: 990 MB, Compressed Oops mode: 32-bit

CDS archive(s) mapped at: [0x0000000800000000-0x0000000800b90000-0x0000000800b90000), size 12124160, SharedBaseAddress: 0x0000000800000000, ArchiveRelocationMode: 0.
Compressed class space mapped at: 0x0000000800c00000-0x0000000840c00000, reserved size: 1073741824
Narrow klass base: 0x0000000800000000, Narrow klass shift: 0, Narrow klass range: 0x100000000

GC Precious Log:
 CardTable entry size: 512
 Card Set container configuration: InlinePtr #cards 5 size 8 Array Of Cards #cards 12 size 40 Howl #buckets 4 coarsen threshold 1843 Howl Bitmap #cards 512 size 80 coarsen threshold 460 Card regions per heap region 1 cards per card region 2048
 CPUs: 4 total, 4 available
 Memory: 3957M
 Large Page Support: Disabled
 NUMA Support: Disabled
 Compressed Oops: Enabled (32-bit)
 Heap Region Size: 1M
 Heap Min Capacity: 8M
 Heap Initial Capacity: 62M
 Heap Max Capacity: 990M
 Pre-touch: Disabled
 Parallel Workers: 4
 Concurrent Workers: 1
 Concurrent Refinement Workers: 4
 Periodic GC: Disabled

Heap:
 garbage-first heap   total 63488K, used 10046K [0x00000000c2200000, 0x0000000100000000)
  region size 1024K, 6 young (6144K), 2 survivors (2048K)
 Metaspace       used 6082K, committed 6336K, reserved 1114112K
  class space    used 705K, committed 832K, reserved 1048576K

Heap Regions: E=young(eden), S=young(survivor), O=old, HS=humongous(starts), HC=humongous(continues), CS=collection set, F=free, OA=open archive, CA=closed archive, TAMS=top-at-mark-start (previous, next)
|   0|0x00000000c2200000, 0x00000000c2300000, 0x00000000c2300000|100%|HS|  |TAMS 0x00000000c2200000, 0x00000000c2200000| Complete 
|   1|0x00000000c2300000, 0x00000000c2400000, 0x00000000c2400000|100%| O|  |TAMS 0x00000000c2300000, 0x00000000c2300000| Untracked 
|   2|0x00000000c2400000, 0x00000000c2500000, 0x00000000c2500000|100%| O|  |TAMS 0x00000000c2400000, 0x00000000c2400000| Untracked 
|   3|0x00000000c2500000, 0x00000000c2600000, 0x00000000c2600000|100%| O|  |TAMS 0x00000000c2500000, 0x00000000c2500000| Untracked 
|   4|0x00000000c2600000, 0x00000000c26cfa00, 0x00000000c2700000| 81%| O|  |TAMS 0x00000000c2600000, 0x00000000c2600000| Untracked 
|   5|0x00000000c2700000, 0x00000000c2700000, 0x00000000c2800000|  0%| F|  |TAMS 0x00000000c2700000, 0x00000000c2700000| Untracked 
|   6|0x00000000c2800000, 0x00000000c2800000, 0x00000000c2900000|  0%| F|  |TAMS 0x00000000c2800000, 0x00000000c2800000| Untracked 
|   7|0x00000000c2900000, 0x00000000c2900000, 0x00000000c2a00000|  0%| F|  |TAMS 0x00000000c2900000, 0x00000000c2900000| Untracked 
|   8|0x00000000c2a00000, 0x00000000c2a00000, 0x00000000c2b00000|  0%| F|  |TAMS 0x00000000c2a00000, 0x00000000c2a00000| Untracked 
|   9|0x00000000c2b00000, 0x00000000c2b00000, 0x00000000c2c00000|  0%| F|  |TAMS 0x00000000c2b00000, 0x00000000c2b00000| Untracked 
|  10|0x00000000c2c00000, 0x00000000c2c00000, 0x00000000c2d00000|  0%| F|  |TAMS 0x00000000c2c00000, 0x00000000c2c00000| Untracked 
|  11|0x00000000c2d00000, 0x00000000c2d00000, 0x00000000c2e00000|  0%| F|  |TAMS 0x00000000c2d00000, 0x00000000c2d00000| Untracked 
|  12|0x00000000c2e00000, 0x00000000c2e00000, 0x00000000c2f00000|  0%| F|  |TAMS 0x00000000c2e00000, 0x00000000c2e00000| Untracked 
|  13|0x00000000c2f00000, 0x00000000c2f00000, 0x00000000c3000000|  0%| F|  |TAMS 0x00000000c2f00000, 0x00000000c2f00000| Untracked 
|  14|0x00000000c3000000, 0x00000000c3000000, 0x00000000c3100000|  0%| F|  |TAMS 0x00000000c3000000, 0x00000000c3000000| Untracked 
|  15|0x00000000c3100000, 0x00000000c3100000, 0x00000000c3200000|  0%| F|  |TAMS 0x00000000c3100000, 0x00000000c3100000| Untracked 
|  16|0x00000000c3200000, 0x00000000c3200000, 0x00000000c3300000|  0%| F|  |TAMS 0x00000000c3200000, 0x00000000c3200000| Untracked 
|  17|0x00000000c3300000, 0x00000000c3300000, 0x00000000c3400000|  0%| F|  |TAMS 0x00000000c3300000, 0x00000000c3300000| Untracked 
|  18|0x00000000c3400000, 0x00000000c3400000, 0x00000000c3500000|  0%| F|  |TAMS 0x00000000c3400000, 0x00000000c3400000| Untracked 
|  19|0x00000000c3500000, 0x00000000c3500000, 0x00000000c3600000|  0%| F|  |TAMS 0x00000000c3500000, 0x00000000c3500000| Untracked 
|  20|0x00000000c3600000, 0x00000000c3600000, 0x00000000c3700000|  0%| F|  |TAMS 0x00000000c3600000, 0x00000000c3600000| Untracked 
|  21|0x00000000c3700000, 0x00000000c3700000, 0x00000000c3800000|  0%| F|  |TAMS 0x00000000c3700000, 0x00000000c3700000| Untracked 
|  22|0x00000000c3800000, 0x00000000c3800000, 0x00000000c3900000|  0%| F|  |TAMS 0x00000000c3800000, 0x00000000c3800000| Untracked 
|  23|0x00000000c3900000, 0x00000000c3900000, 0x00000000c3a00000|  0%| F|  |TAMS 0x00000000c3900000, 0x00000000c3900000| Untracked 
|  24|0x00000000c3a00000, 0x00000000c3a00000, 0x00000000c3b00000|  0%| F|  |TAMS 0x00000000c3a00000, 0x00000000c3a00000| Untracked 
|  25|0x00000000c3b00000, 0x00000000c3b00000, 0x00000000c3c00000|  0%| F|  |TAMS 0x00000000c3b00000, 0x00000000c3b00000| Untracked 
|  26|0x00000000c3c00000, 0x00000000c3c00000, 0x00000000c3d00000|  0%| F|  |TAMS 0x00000000c3c00000, 0x00000000c3c00000| Untracked 
|  27|0x00000000c3d00000, 0x00000000c3d00000, 0x00000000c3e00000|  0%| F|  |TAMS 0x00000000c3d00000, 0x00000000c3d00000| Untracked 
|  28|0x00000000c3e00000, 0x00000000c3e00000, 0x00000000c3f00000|  0%| F|  |TAMS 0x00000000c3e00000, 0x00000000c3e00000| Untracked 
|  29|0x00000000c3f00000, 0x00000000c3f00000, 0x00000000c4000000|  0%| F|  |TAMS 0x00000000c3f00000, 0x00000000c3f00000| Untracked 
|  30|0x00000000c4000000, 0x00000000c4000000, 0x00000000c4100000|  0%| F|  |TAMS 0x00000000c4000000, 0x00000000c4000000| Untracked 
|  31|0x00000000c4100000, 0x00000000c4100000, 0x00000000c4200000|  0%| F|  |TAMS 0x00000000c4100000, 0x00000000c4100000| Untracked 
|  32|0x00000000c4200000, 0x00000000c4200000, 0x00000000c4300000|  0%| F|  |TAMS 0x00000000c4200000, 0x00000000c4200000| Untracked 
|  33|0x00000000c4300000, 0x00000000c4300000, 0x00000000c4400000|  0%| F|  |TAMS 0x00000000c4300000, 0x00000000c4300000| Untracked 
|  34|0x00000000c4400000, 0x00000000c4400000, 0x00000000c4500000|  0%| F|  |TAMS 0x00000000c4400000, 0x00000000c4400000| Untracked 
|  35|0x00000000c4500000, 0x00000000c4500000, 0x00000000c4600000|  0%| F|  |TAMS 0x00000000c4500000, 0x00000000c4500000| Untracked 
|  36|0x00000000c4600000, 0x00000000c4600000, 0x00000000c4700000|  0%| F|  |TAMS 0x00000000c4600000, 0x00000000c4600000| Untracked 
|  37|0x00000000c4700000, 0x00000000c4700000, 0x00000000c4800000|  0%| F|  |TAMS 0x00000000c4700000, 0x00000000c4700000| Untracked 
|  38|0x00000000c4800000, 0x00000000c4800000, 0x00000000c4900000|  0%| F|  |TAMS 0x00000000c4800000, 0x00000000c4800000| Untracked 
|  39|0x00000000c4900000, 0x00000000c4900000, 0x00000000c4a00000|  0%| F|  |TAMS 0x00000000c4900000, 0x00000000c4900000| Untracked 
|  40|0x00000000c4a00000, 0x00000000c4a00000, 0x00000000c4b00000|  0%| F|  |TAMS 0x00000000c4a00000, 0x00000000c4a00000| Untracked 
|  41|0x00000000c4b00000, 0x00000000c4b00000, 0x00000000c4c00000|  0%| F|  |TAMS 0x00000000c4b00000, 0x00000000c4b00000| Untracked 
|  42|0x00000000c4c00000, 0x00000000c4c00000, 0x00000000c4d00000|  0%| F|  |TAMS 0x00000000c4c00000, 0x00000000c4c00000| Untracked 
|  43|0x00000000c4d00000, 0x00000000c4d00000, 0x00000000c4e00000|  0%| F|  |TAMS 0x00000000c4d00000, 0x00000000c4d00000| Untracked 
|  44|0x00000000c4e00000, 0x00000000c4e00000, 0x00000000c4f00000|  0%| F|  |TAMS 0x00000000c4e00000, 0x00000000c4e00000| Untracked 
|  45|0x00000000c4f00000, 0x00000000c4f00000, 0x00000000c5000000|  0%| F|  |TAMS 0x00000000c4f00000, 0x00000000c4f00000| Untracked 
|  46|0x00000000c5000000, 0x00000000c5000000, 0x00000000c5100000|  0%| F|  |TAMS 0x00000000c5000000, 0x00000000c5000000| Untracked 
|  47|0x00000000c5100000, 0x00000000c5200000, 0x00000000c5200000|100%| S|CS|TAMS 0x00000000c5100000, 0x00000000c5100000| Complete 
|  48|0x00000000c5200000, 0x00000000c5300000, 0x00000000c5300000|100%| S|CS|TAMS 0x00000000c5200000, 0x00000000c5200000| Complete 
|  49|0x00000000c5300000, 0x00000000c5300000, 0x00000000c5400000|  0%| F|  |TAMS 0x00000000c5300000, 0x00000000c5300000| Untracked 
|  50|0x00000000c5400000, 0x00000000c5400000, 0x00000000c5500000|  0%| F|  |TAMS 0x00000000c5400000, 0x00000000c5400000| Untracked 
|  51|0x00000000c5500000, 0x00000000c5500000, 0x00000000c5600000|  0%| F|  |TAMS 0x00000000c5500000, 0x00000000c5500000| Untracked 
|  52|0x00000000c5600000, 0x00000000c5600000, 0x00000000c5700000|  0%| F|  |TAMS 0x00000000c5600000, 0x00000000c5600000| Untracked 
|  53|0x00000000c5700000, 0x00000000c5700000, 0x00000000c5800000|  0%| F|  |TAMS 0x00000000c5700000, 0x00000000c5700000| Untracked 
|  54|0x00000000c5800000, 0x00000000c5800000, 0x00000000c5900000|  0%| F|  |TAMS 0x00000000c5800000, 0x00000000c5800000| Untracked 
|  55|0x00000000c5900000, 0x00000000c5900000, 0x00000000c5a00000|  0%| F|  |TAMS 0x00000000c5900000, 0x00000000c5900000| Untracked 
|  56|0x00000000c5a00000, 0x00000000c5a00000, 0x00000000c5b00000|  0%| F|  |TAMS 0x00000000c5a00000, 0x00000000c5a00000| Untracked 
|  57|0x00000000c5b00000, 0x00000000c5b00000, 0x00000000c5c00000|  0%| F|  |TAMS 0x00000000c5b00000, 0x00000000c5b00000| Untracked 
|  58|0x00000000c5c00000, 0x00000000c5d00000, 0x00000000c5d00000|100%| E|  |TAMS 0x00000000c5c00000, 0x00000000c5c00000| Complete 
|  59|0x00000000c5d00000, 0x00000000c5e00000, 0x00000000c5e00000|100%| E|CS|TAMS 0x00000000c5d00000, 0x00000000c5d00000| Complete 
|  60|0x00000000c5e00000, 0x00000000c5f00000, 0x00000000c5f00000|100%| E|CS|TAMS 0x00000000c5e00000, 0x00000000c5e00000| Complete 
|  61|0x00000000c5f00000, 0x00000000c6000000, 0x00000000c6000000|100%| E|CS|TAMS 0x00000000c5f00000, 0x00000000c5f00000| Complete 

Card table byte_map: [0x0000016270550000,0x0000016270740000] _byte_map_base: 0x000001626ff3f000

Marking Bits (Prev, Next): (CMBitMap*) 0x0000016265c61370, (CMBitMap*) 0x0000016265c613b0
 Prev Bits: [0x0000016270930000, 0x00000162718a8000)
 Next Bits: [0x00000162718b0000, 0x0000016272828000)

Polling page: 0x0000016263db0000

Metaspace:

Usage:
  Non-class:      5.25 MB used.
      Class:    705.58 KB used.
       Both:      5.94 MB used.

Virtual space:
  Non-class space:       64.00 MB reserved,       5.38 MB (  8%) committed,  1 nodes.
      Class space:        1.00 GB reserved,     832.00 KB ( <1%) committed,  1 nodes.
             Both:        1.06 GB reserved,       6.19 MB ( <1%) committed. 

Chunk freelists:
   Non-Class:  1.80 MB
       Class:  3.09 MB
        Both:  4.89 MB

MaxMetaspaceSize: unlimited
CompressedClassSpaceSize: 1.00 GB
Initial GC threshold: 21.00 MB
Current GC threshold: 21.00 MB
CDS: on
MetaspaceReclaimPolicy: balanced
 - commit_granule_bytes: 65536.
 - commit_granule_words: 8192.
 - virtual_space_node_default_size: 8388608.
 - enlarge_chunks_in_place: 1.
 - new_chunks_are_fully_committed: 0.
 - uncommit_free_chunks: 1.
 - use_allocation_guard: 0.


Internal statistics:

num_allocs_failed_limit: 0.
num_arena_births: 122.
num_arena_deaths: 0.
num_vsnodes_births: 2.
num_vsnodes_deaths: 0.
num_space_committed: 99.
num_space_uncommitted: 0.
num_chunks_returned_to_freelist: 0.
num_chunks_taken_from_freelist: 200.
num_chunk_merges: 0.
num_chunk_splits: 131.
num_chunks_enlarged: 84.
num_inconsistent_stats: 0.

CodeCache: size=49152Kb used=2730Kb max_used=2730Kb free=46421Kb
 bounds [0x000001626d550000, 0x000001626d800000, 0x0000016270550000]
 total_blobs=1626 nmethods=1175 adapters=379
 compilation: enabled
              stopped_count=0, restarted_count=0
 full_count=0

Compilation events (20 events):
Event: 2.426 Thread 0x0000016265cdea90 nmethod 1166 0x000001626d7f6810 code [0x000001626d7f69a0, 0x000001626d7f6a88]
Event: 2.426 Thread 0x0000016265cdea90 1167       1       java.net.URL::toExternalForm (9 bytes)
Event: 2.426 Thread 0x0000016265cdea90 nmethod 1167 0x000001626d7f6b90 code [0x000001626d7f6d20, 0x000001626d7f6e08]
Event: 2.426 Thread 0x0000016265cdea90 1168       1       java.net.URLStreamHandler::toExternalForm (156 bytes)
Event: 2.428 Thread 0x0000016265cdea90 nmethod 1168 0x000001626d7f6f10 code [0x000001626d7f7200, 0x000001626d7f7d58]
Event: 2.428 Thread 0x0000016265cdea90 1169       1       sun.net.www.protocol.jar.Handler::checkNestedProtocol (18 bytes)
Event: 2.428 Thread 0x0000016265cdea90 nmethod 1169 0x000001626d7f8290 code [0x000001626d7f8440, 0x000001626d7f8588]
Event: 2.431 Thread 0x0000016265cdea90 1170       1       java.util.jar.JarFile::maybeInstantiateVerifier (42 bytes)
Event: 2.431 Thread 0x0000016265cdea90 nmethod 1170 0x000001626d7f8610 code [0x000001626d7f87c0, 0x000001626d7f8958]
Event: 2.436 Thread 0x0000016265cdea90 1171       1       sun.reflect.generics.parser.SignatureParser::skipIdentifier (67 bytes)
Event: 2.437 Thread 0x0000016265cdea90 nmethod 1171 0x000001626d7f8a10 code [0x000001626d7f8be0, 0x000001626d7f8da8]
Event: 2.437 Thread 0x0000016265cdea90 1172       1       jdk.internal.org.objectweb.asm.Frame::merge (317 bytes)
Event: 2.438 Thread 0x0000016265cdea90 nmethod 1172 0x000001626d7f8f10 code [0x000001626d7f9100, 0x000001626d7f9568]
Event: 2.438 Thread 0x0000016265cdea90 1173       1       jdk.internal.org.objectweb.asm.Type::getTypeInternal (199 bytes)
Event: 2.439 Thread 0x0000016265cdea90 nmethod 1173 0x000001626d7f9710 code [0x000001626d7f9940, 0x000001626d7fa0a8]
Event: 2.447 Thread 0x0000016265cdea90 1174       1       java.lang.reflect.Constructor::getModifiers (5 bytes)
Event: 2.447 Thread 0x0000016265cdea90 nmethod 1174 0x000001626d7fa310 code [0x000001626d7fa4a0, 0x000001626d7fa578]
Event: 2.452 Thread 0x0000016265cdea90 1175       1       java.util.concurrent.CopyOnWriteArrayList::getArray (5 bytes)
Event: 2.453 Thread 0x0000016265cdea90 nmethod 1175 0x000001626d7fa610 code [0x000001626d7fa7a0, 0x000001626d7fa878]
Event: 2.464 Thread 0x0000016265cdea90 1176       1       java.net.URLStreamHandler::parseURL (1124 bytes)

GC Heap History (2 events):
Event: 2.179 GC heap before
{Heap before GC invocations=0 (full 0):
 garbage-first heap   total 63488K, used 13312K [0x00000000c2200000, 0x0000000100000000)
  region size 1024K, 13 young (13312K), 0 survivors (0K)
 Metaspace       used 5215K, committed 5440K, reserved 1114112K
  class space    used 595K, committed 704K, reserved 1048576K
}
Event: 2.196 GC heap after
{Heap after GC invocations=1 (full 0):
 garbage-first heap   total 63488K, used 6974K [0x00000000c2200000, 0x0000000100000000)
  region size 1024K, 2 young (2048K), 2 survivors (2048K)
 Metaspace       used 5215K, committed 5440K, reserved 1114112K
  class space    used 595K, committed 704K, reserved 1048576K
}

Deoptimization events (2 events):
Event: 1.270 Thread 0x0000016265c201e0 DEOPT PACKING pc=0x000001626d7136f5 sp=0x00000055e44fd330
Event: 1.270 Thread 0x0000016265c201e0 DEOPT UNPACKING pc=0x000001626d5a2b43 sp=0x00000055e44fc7a0 mode 3

Classes loaded (20 events):
Event: 2.351 Loading class java/net/JarURLConnection done
Event: 2.351 Loading class sun/net/www/protocol/jar/JarURLConnection done
Event: 2.352 Loading class sun/net/www/protocol/jar/JarFileFactory
Event: 2.352 Loading class sun/net/www/protocol/jar/URLJarFile$URLJarFileCloseController
Event: 2.352 Loading class sun/net/www/protocol/jar/URLJarFile$URLJarFileCloseController done
Event: 2.352 Loading class sun/net/www/protocol/jar/JarFileFactory done
Event: 2.354 Loading class sun/net/www/protocol/jar/URLJarFile
Event: 2.354 Loading class sun/net/www/protocol/jar/URLJarFile done
Event: 2.355 Loading class sun/net/www/protocol/jar/URLJarFile$URLJarFileEntry
Event: 2.355 Loading class sun/net/www/protocol/jar/URLJarFile$URLJarFileEntry done
Event: 2.355 Loading class sun/net/www/protocol/jar/JarURLConnection$JarURLInputStream
Event: 2.355 Loading class sun/net/www/protocol/jar/JarURLConnection$JarURLInputStream done
Event: 2.371 Loading class java/util/ImmutableCollections$Access
Event: 2.372 Loading class java/util/ImmutableCollections$Access done
Event: 2.372 Loading class java/util/ImmutableCollections$Access$1
Event: 2.372 Loading class jdk/internal/access/JavaUtilCollectionAccess
Event: 2.372 Loading class jdk/internal/access/JavaUtilCollectionAccess done
Event: 2.372 Loading class java/util/ImmutableCollections$Access$1 done
Event: 2.436 Loading class java/lang/FunctionalInterface
Event: 2.436 Loading class java/lang/FunctionalInterface done

Classes unloaded (0 events):
No events

Classes redefined (0 events):
No events

Internal exceptions (18 events):
Event: 0.689 Thread 0x0000016265c201e0 Exception <a 'java/lang/NoSuchMethodError'{0x00000000c592a628}: 'void java.lang.invoke.DirectMethodHandle$Holder.invokeStatic(java.lang.Object, java.lang.Object, java.lang.Object)'> (0x00000000c592a628) 
thrown [s\open\src\hotspot\share\interpreter\linkResolver.cpp, line 766]
Event: 0.702 Thread 0x0000016265c201e0 Exception <a 'java/lang/NoSuchMethodError'{0x00000000c5943340}: 'java.lang.Object java.lang.invoke.Invokers$Holder.invokeExact_MT(java.lang.Object, java.lang.Object, java.lang.Object, java.lang.Object, java.lang.Object)'> (0x00000000c5943340) 
thrown [s\open\src\hotspot\share\interpreter\linkResolver.cpp, line 766]
Event: 0.917 Thread 0x000001627937e7c0 Exception <a 'java/lang/NoSuchMethodError'{0x00000000c5968f20}: 'void java.lang.invoke.DirectMethodHandle$Holder.invokeStatic(java.lang.Object, java.lang.Object)'> (0x00000000c5968f20) 
thrown [s\open\src\hotspot\share\interpreter\linkResolver.cpp, line 766]
Event: 1.089 Thread 0x0000016265c201e0 Exception <a 'java/lang/NoSuchMethodError'{0x00000000c59bac88}: 'java.lang.Object java.lang.invoke.DirectMethodHandle$Holder.invokeStaticInit(java.lang.Object)'> (0x00000000c59bac88) 
thrown [s\open\src\hotspot\share\interpreter\linkResolver.cpp, line 766]
Event: 1.142 Thread 0x0000016265c201e0 Exception <a 'java/lang/NoSuchMethodError'{0x00000000c59d0f78}: 'int java.lang.invoke.DirectMethodHandle$Holder.invokeInterface(java.lang.Object, java.lang.Object)'> (0x00000000c59d0f78) 
thrown [s\open\src\hotspot\share\interpreter\linkResolver.cpp, line 766]
Event: 1.143 Thread 0x0000016265c201e0 Exception <a 'java/lang/IncompatibleClassChangeError'{0x00000000c59d4570}: Found class java.lang.Object, but interface was expected> (0x00000000c59d4570) 
thrown [s\open\src\hotspot\share\interpreter\linkResolver.cpp, line 833]
Event: 1.278 Thread 0x0000016265c201e0 Exception <a 'java/lang/NoSuchMethodError'{0x00000000c58a3ee0}: 'int java.lang.invoke.DirectMethodHandle$Holder.invokeSpecial(java.lang.Object, java.lang.Object, java.lang.Object)'> (0x00000000c58a3ee0) 
thrown [s\open\src\hotspot\share\interpreter\linkResolver.cpp, line 766]
Event: 1.486 Thread 0x0000016265c201e0 Exception <a 'java/lang/NoSuchMethodError'{0x00000000c57d9038}: 'int java.lang.invoke.DirectMethodHandle$Holder.invokeSpecialIFC(java.lang.Object, java.lang.Object, java.lang.Object)'> (0x00000000c57d9038) 
thrown [s\open\src\hotspot\share\interpreter\linkResolver.cpp, line 766]
Event: 1.618 Thread 0x0000016265c201e0 Exception <a 'java/lang/NoSuchMethodError'{0x00000000c5650058}: 'java.lang.Object java.lang.invoke.DirectMethodHandle$Holder.invokeStaticInit(java.lang.Object, int, int, int, int)'> (0x00000000c5650058) 
thrown [s\open\src\hotspot\share\interpreter\linkResolver.cpp, line 766]
Event: 1.810 Thread 0x0000016265c201e0 Exception <a 'java/lang/NoSuchMethodError'{0x00000000c55090f0}: 'java.lang.Object java.lang.invoke.DirectMethodHandle$Holder.invokeStaticInit(java.lang.Object, java.lang.Object, int, int, int, int)'> (0x00000000c55090f0) 
thrown [s\open\src\hotspot\share\interpreter\linkResolver.cpp, line 766]
Event: 1.901 Thread 0x0000016265c201e0 Exception <a 'java/lang/ClassNotFoundException'{0x00000000c5528478}: javax/management/remote/rmi/RMIServerImpl_Skel> (0x00000000c5528478) 
thrown [s\open\src\hotspot\share\classfile\systemDictionary.cpp, line 255]
Event: 1.936 Thread 0x0000016265c201e0 Exception <a 'java/lang/NoSuchMethodError'{0x00000000c55422b0}: 'long java.lang.invoke.DirectMethodHandle$Holder.invokeSpecial(java.lang.Object, java.lang.Object)'> (0x00000000c55422b0) 
thrown [s\open\src\hotspot\share\interpreter\linkResolver.cpp, line 766]
Event: 1.937 Thread 0x0000016265c201e0 Exception <a 'java/lang/NoSuchMethodError'{0x00000000c5588290}: 'long java.lang.invoke.Invokers$Holder.invokeExact_MT(java.lang.Object, java.lang.Object)'> (0x00000000c5588290) 
thrown [s\open\src\hotspot\share\interpreter\linkResolver.cpp, line 766]
Event: 1.954 Thread 0x0000016265c201e0 Exception <a 'java/lang/NoSuchMethodError'{0x00000000c559e300}: 'void java.lang.invoke.DirectMethodHandle$Holder.invokeSpecial(java.lang.Object, java.lang.Object, java.lang.Object)'> (0x00000000c559e300) 
thrown [s\open\src\hotspot\share\interpreter\linkResolver.cpp, line 766]
Event: 2.043 Thread 0x0000016265c201e0 Exception <a 'java/lang/ClassNotFoundException'{0x00000000c54c1b98}: javax/smartcardio/CardPermission> (0x00000000c54c1b98) 
thrown [s\open\src\hotspot\share\classfile\systemDictionary.cpp, line 255]
Event: 2.051 Thread 0x0000016265c201e0 Exception <a 'java/io/FileNotFoundException'{0x00000000c54d0670}> (0x00000000c54d0670) 
thrown [s\open\src\hotspot\share\prims\jni.cpp, line 516]
Event: 2.329 Thread 0x0000016265c201e0 Exception <a 'java/lang/NoSuchMethodError'{0x00000000c5ea1da0}: 'void java.lang.invoke.DirectMethodHandle$Holder.invokeStatic(java.lang.Object, java.lang.Object, java.lang.Object, java.lang.Object)'> (0x00000000c5ea1da0) 
thrown [s\open\src\hotspot\share\interpreter\linkResolver.cpp, line 766]
Event: 2.391 Thread 0x0000016265c201e0 Exception <a 'java/lang/NoSuchMethodError'{0x00000000c5dbd810}: 'int java.lang.invoke.DirectMethodHandle$Holder.invokeStaticInit(java.lang.Object, java.lang.Object)'> (0x00000000c5dbd810) 
thrown [s\open\src\hotspot\share\interpreter\linkResolver.cpp, line 766]

VM Operations (14 events):
Event: 0.308 Executing VM operation: HandshakeAllThreads
Event: 0.308 Executing VM operation: HandshakeAllThreads done
Event: 0.829 Executing VM operation: HandshakeAllThreads
Event: 0.829 Executing VM operation: HandshakeAllThreads done
Event: 1.534 Executing VM operation: HandshakeAllThreads
Event: 1.534 Executing VM operation: HandshakeAllThreads done
Event: 1.534 Executing VM operation: Cleanup
Event: 1.534 Executing VM operation: Cleanup done
Event: 1.963 Executing VM operation: HandshakeAllThreads
Event: 1.963 Executing VM operation: HandshakeAllThreads done
Event: 2.178 Executing VM operation: G1CollectForAllocation
Event: 2.196 Executing VM operation: G1CollectForAllocation done
Event: 2.354 Executing VM operation: HandshakeAllThreads
Event: 2.354 Executing VM operation: HandshakeAllThreads done

Events (20 events):
Event: 0.049 Thread 0x0000016265cc0ca0 Thread added: 0x0000016265cc0ca0
Event: 0.071 Thread 0x0000016265cd6d00 Thread added: 0x0000016265cd6d00
Event: 0.072 Thread 0x0000016265cd7870 Thread added: 0x0000016265cd7870
Event: 0.072 Thread 0x0000016265cd9a10 Thread added: 0x0000016265cd9a10
Event: 0.072 Thread 0x0000016265cdaa60 Thread added: 0x0000016265cdaa60
Event: 0.072 Thread 0x0000016265cdea90 Thread added: 0x0000016265cdea90
Event: 0.073 Thread 0x0000016274c8f2e0 Thread added: 0x0000016274c8f2e0
Event: 0.269 Thread 0x0000016274d6d3c0 Thread added: 0x0000016274d6d3c0
Event: 0.359 Loaded shared library C:\Users\Anh Cuong Dau\.jdks\openjdk-18.0.1.1\bin\zip.dll
Event: 0.370 Loaded shared library C:\Users\Anh Cuong Dau\.jdks\openjdk-18.0.1.1\bin\instrument.dll
Event: 0.404 Loaded shared library C:\Users\Anh Cuong Dau\.jdks\openjdk-18.0.1.1\bin\net.dll
Event: 0.411 Loaded shared library C:\Users\Anh Cuong Dau\.jdks\openjdk-18.0.1.1\bin\nio.dll
Event: 0.418 Loaded shared library C:\Users\Anh Cuong Dau\.jdks\openjdk-18.0.1.1\bin\zip.dll
Event: 0.708 Loaded shared library D:\IntelllJAVA\IntelliJ IDEA 2022.1.1\bin\breakgen64.dll
Event: 0.715 Thread 0x000001627937e7c0 Thread added: 0x000001627937e7c0
Event: 0.715 Thread 0x000001627937ec80 Thread added: 0x000001627937ec80
Event: 0.755 Loaded shared library C:\Users\Anh Cuong Dau\.jdks\openjdk-18.0.1.1\bin\jimage.dll
Event: 1.092 Loaded shared library C:\Users\Anh Cuong Dau\.jdks\openjdk-18.0.1.1\bin\management.dll
Event: 1.130 Loaded shared library C:\Users\Anh Cuong Dau\.jdks\openjdk-18.0.1.1\bin\management_ext.dll
Event: 1.925 Thread 0x00000162794d75b0 Thread added: 0x00000162794d75b0


Dynamic libraries:
0x00007ff7182e0000 - 0x00007ff7182ee000 	C:\Users\Anh Cuong Dau\.jdks\openjdk-18.0.1.1\bin\java.exe
0x00007ffad9cd0000 - 0x00007ffad9ec5000 	C:\WINDOWS\SYSTEM32\ntdll.dll
0x00007ffad8710000 - 0x00007ffad87cd000 	C:\WINDOWS\System32\KERNEL32.DLL
0x00007ffad7590000 - 0x00007ffad785d000 	C:\WINDOWS\System32\KERNELBASE.dll
0x00007ffad7860000 - 0x00007ffad7960000 	C:\WINDOWS\System32\ucrtbase.dll
0x00007ffad27a0000 - 0x00007ffad27b7000 	C:\Users\Anh Cuong Dau\.jdks\openjdk-18.0.1.1\bin\jli.dll
0x00007ffad9970000 - 0x00007ffad9b10000 	C:\WINDOWS\System32\USER32.dll
0x00007ffad7cf0000 - 0x00007ffad7d12000 	C:\WINDOWS\System32\win32u.dll
0x00007ffad8860000 - 0x00007ffad888a000 	C:\WINDOWS\System32\GDI32.dll
0x00007ffad7b60000 - 0x00007ffad7c6b000 	C:\WINDOWS\System32\gdi32full.dll
0x00007fface8b0000 - 0x00007fface8ca000 	C:\Users\Anh Cuong Dau\.jdks\openjdk-18.0.1.1\bin\VCRUNTIME140.dll
0x00007ffad7ac0000 - 0x00007ffad7b5d000 	C:\WINDOWS\System32\msvcp_win.dll
0x00007ffabb4c0000 - 0x00007ffabb75a000 	C:\WINDOWS\WinSxS\amd64_microsoft.windows.common-controls_6595b64144ccf1df_6.0.19041.1110_none_60b5254171f9507e\COMCTL32.dll
0x00007ffad9bf0000 - 0x00007ffad9c8e000 	C:\WINDOWS\System32\msvcrt.dll
0x00007ffad9940000 - 0x00007ffad9970000 	C:\WINDOWS\System32\IMM32.DLL
0x00007ffad4170000 - 0x00007ffad417c000 	C:\Users\Anh Cuong Dau\.jdks\openjdk-18.0.1.1\bin\vcruntime140_1.dll
0x00007ffaa7e70000 - 0x00007ffaa7efd000 	C:\Users\Anh Cuong Dau\.jdks\openjdk-18.0.1.1\bin\msvcp140.dll
0x00007ffa81f90000 - 0x00007ffa82ba0000 	C:\Users\Anh Cuong Dau\.jdks\openjdk-18.0.1.1\bin\server\jvm.dll
0x00007ffad7e20000 - 0x00007ffad7ece000 	C:\WINDOWS\System32\ADVAPI32.dll
0x00007ffad7d20000 - 0x00007ffad7dbc000 	C:\WINDOWS\System32\sechost.dll
0x00007ffad9190000 - 0x00007ffad92b5000 	C:\WINDOWS\System32\RPCRT4.dll
0x00007ffad9460000 - 0x00007ffad9468000 	C:\WINDOWS\System32\PSAPI.DLL
0x00007ffac4410000 - 0x00007ffac4419000 	C:\WINDOWS\SYSTEM32\WSOCK32.dll
0x00007ffad9550000 - 0x00007ffad95bb000 	C:\WINDOWS\System32\WS2_32.dll
0x00007ffac2b50000 - 0x00007ffac2b77000 	C:\WINDOWS\SYSTEM32\WINMM.dll
0x00007ffacdb70000 - 0x00007ffacdb7a000 	C:\WINDOWS\SYSTEM32\VERSION.dll
0x00007ffad5cc0000 - 0x00007ffad5cd2000 	C:\WINDOWS\SYSTEM32\kernel.appcore.dll
0x00007ffad1b50000 - 0x00007ffad1b5a000 	C:\Users\Anh Cuong Dau\.jdks\openjdk-18.0.1.1\bin\jimage.dll
0x00007ffad51d0000 - 0x00007ffad53b4000 	C:\WINDOWS\SYSTEM32\DBGHELP.DLL
0x00007ffac3090000 - 0x00007ffac30bc000 	C:\WINDOWS\SYSTEM32\dbgcore.DLL
0x00007ffad7500000 - 0x00007ffad7582000 	C:\WINDOWS\System32\bcryptPrimitives.dll
0x00007ffad41a0000 - 0x00007ffad41ae000 	C:\Users\Anh Cuong Dau\.jdks\openjdk-18.0.1.1\bin\instrument.dll
0x00007ffac64d0000 - 0x00007ffac64f5000 	C:\Users\Anh Cuong Dau\.jdks\openjdk-18.0.1.1\bin\java.dll
0x00007ffaa7d90000 - 0x00007ffaa7e66000 	C:\Users\Anh Cuong Dau\.jdks\openjdk-18.0.1.1\bin\jsvml.dll
0x00007ffad8a40000 - 0x00007ffad9184000 	C:\WINDOWS\System32\SHELL32.dll
0x00007ffad53e0000 - 0x00007ffad5b74000 	C:\WINDOWS\SYSTEM32\windows.storage.dll
0x00007ffad95e0000 - 0x00007ffad9934000 	C:\WINDOWS\System32\combase.dll
0x00007ffad6e40000 - 0x00007ffad6e6c000 	C:\WINDOWS\SYSTEM32\Wldp.dll
0x00007ffad8420000 - 0x00007ffad84cd000 	C:\WINDOWS\System32\SHCORE.dll
0x00007ffad9470000 - 0x00007ffad94c5000 	C:\WINDOWS\System32\shlwapi.dll
0x00007ffad7320000 - 0x00007ffad733f000 	C:\WINDOWS\SYSTEM32\profapi.dll
0x00007ffaa7d30000 - 0x00007ffaa7d48000 	C:\Users\Anh Cuong Dau\.jdks\openjdk-18.0.1.1\bin\zip.dll
0x00007ffaa7d70000 - 0x00007ffaa7d83000 	C:\Users\Anh Cuong Dau\.jdks\openjdk-18.0.1.1\bin\net.dll
0x00007ffacc5a0000 - 0x00007ffacc6aa000 	C:\WINDOWS\SYSTEM32\WINHTTP.dll
0x00007ffad6ba0000 - 0x00007ffad6c0a000 	C:\WINDOWS\system32\mswsock.dll
0x00007ffaa7d50000 - 0x00007ffaa7d66000 	C:\Users\Anh Cuong Dau\.jdks\openjdk-18.0.1.1\bin\nio.dll
0x00007ffaa7d10000 - 0x00007ffaa7d2a000 	D:\IntelllJAVA\IntelliJ IDEA 2022.1.1\bin\breakgen64.dll
0x00007ffad6890000 - 0x00007ffad695b000 	C:\WINDOWS\SYSTEM32\DNSAPI.dll
0x00007ffad6840000 - 0x00007ffad687b000 	C:\WINDOWS\SYSTEM32\IPHLPAPI.DLL
0x00007ffad9450000 - 0x00007ffad9458000 	C:\WINDOWS\System32\NSI.dll
0x00007ffacdb60000 - 0x00007ffacdb6a000 	C:\Windows\System32\rasadhlp.dll
0x00007ffac7080000 - 0x00007ffac7100000 	C:\WINDOWS\System32\fwpuclnt.dll
0x00007ffad7cc0000 - 0x00007ffad7ce7000 	C:\WINDOWS\System32\bcrypt.dll
0x00007ffad28a0000 - 0x00007ffad28a9000 	C:\Users\Anh Cuong Dau\.jdks\openjdk-18.0.1.1\bin\management.dll
0x00007ffad2860000 - 0x00007ffad286b000 	C:\Users\Anh Cuong Dau\.jdks\openjdk-18.0.1.1\bin\management_ext.dll
0x00007ffad6d90000 - 0x00007ffad6da8000 	C:\WINDOWS\SYSTEM32\CRYPTSP.dll
0x00007ffad64b0000 - 0x00007ffad64e4000 	C:\WINDOWS\system32\rsaenh.dll
0x00007ffad72e0000 - 0x00007ffad730e000 	C:\WINDOWS\SYSTEM32\USERENV.dll
0x00007ffad6db0000 - 0x00007ffad6dbc000 	C:\WINDOWS\SYSTEM32\CRYPTBASE.dll
0x00007ffacd520000 - 0x00007ffacd537000 	C:\WINDOWS\SYSTEM32\dhcpcsvc6.DLL
0x00007ffacd940000 - 0x00007ffacd95d000 	C:\WINDOWS\SYSTEM32\dhcpcsvc.DLL
0x00007ffabad10000 - 0x00007ffabad27000 	C:\WINDOWS\system32\napinsp.dll
0x00007ffabacf0000 - 0x00007ffabad0b000 	C:\WINDOWS\system32\pnrpnsp.dll
0x00007ffad1c60000 - 0x00007ffad1c75000 	C:\WINDOWS\system32\wshbth.dll
0x00007ffad4150000 - 0x00007ffad416d000 	C:\WINDOWS\system32\NLAapi.dll
0x00007ffabae80000 - 0x00007ffabae92000 	C:\WINDOWS\System32\winrnr.dll

dbghelp: loaded successfully - version: 4.0.5 - missing functions: none
symbol engine: initialized successfully - sym options: 0x614 - pdb path: .;C:\Users\Anh Cuong Dau\.jdks\openjdk-18.0.1.1\bin;C:\WINDOWS\SYSTEM32;C:\WINDOWS\WinSxS\amd64_microsoft.windows.common-controls_6595b64144ccf1df_6.0.19041.1110_none_60b5254171f9507e;C:\Users\Anh Cuong Dau\.jdks\openjdk-18.0.1.1\bin\server;D:\IntelllJAVA\IntelliJ IDEA 2022.1.1\bin

VM Arguments:
jvm_args: -XX:TieredStopAtLevel=1 -Xverify:none -Dspring.output.ansi.enabled=always -Dcom.sun.management.jmxremote -Dspring.jmx.enabled=true -Dspring.liveBeansView.mbeanDomain -Dspring.application.admin.enabled=true -javaagent:D:\IntelllJAVA\IntelliJ IDEA 2022.1.1\lib\idea_rt.jar=60713:D:\IntelllJAVA\IntelliJ IDEA 2022.1.1\bin -Dfile.encoding=UTF-8 
java_command: com.example.demo3trangthaijava.Demo3trangthaiJavaApplication
java_class_path (initial): C:\Users\Anh Cuong Dau\Desktop\crudddddKAVA\demo3trangthaiJAVA\target\classes;C:\Users\Anh Cuong Dau\.m2\repository\org\springframework\boot\spring-boot-starter-data-jpa\3.0.0-SNAPSHOT\spring-boot-starter-data-jpa-3.0.0-20220523.124547-519.jar;C:\Users\Anh Cuong Dau\.m2\repository\org\springframework\boot\spring-boot-starter-aop\3.0.0-SNAPSHOT\spring-boot-starter-aop-3.0.0-20220523.124547-519.jar;C:\Users\Anh Cuong Dau\.m2\repository\org\springframework\spring-aop\6.0.0-M4\spring-aop-6.0.0-M4.jar;C:\Users\Anh Cuong Dau\.m2\repository\org\aspectj\aspectjweaver\1.9.9.1\aspectjweaver-1.9.9.1.jar;C:\Users\Anh Cuong Dau\.m2\repository\org\springframework\boot\spring-boot-starter-jdbc\3.0.0-SNAPSHOT\spring-boot-starter-jdbc-3.0.0-20220523.124547-519.jar;C:\Users\Anh Cuong Dau\.m2\repository\com\zaxxer\HikariCP\5.0.1\HikariCP-5.0.1.jar;C:\Users\Anh Cuong Dau\.m2\repository\org\springframework\spring-jdbc\6.0.0-M4\spring-jdbc-6.0.0-M4.jar;C:\Users\Anh Cuong Dau\.m2\repository\org\hibernate\hibernate-core-jakarta\5.6.9.Final\hibernate-core-jakarta-5.6.9.Final.jar;C:\Users\Anh Cuong Dau\.m2\repository\jakarta\persistence\jakarta.persistence-api\3.0.0\jakarta.persistence-api-3.0.0.jar;C:\Users\Anh Cuong Dau\.m2\repository\net\bytebuddy\byte-buddy\1.12.10\byte-buddy-1.12.10.jar;C:\Users\Anh Cuong Dau\.m2\repository\jakarta\transaction\jakarta.transaction-api\2.0.1\jakarta.transaction-api-2.0.1.jar;C:\Users\Anh Cuong Dau\.m2\repository\org\jboss\jandex\2.4.2.Final\jandex-2.4.2.Final.jar;C:\Users\Anh Cuong Dau\.m2\repository\org\dom4j\dom4j\2.1.3\dom4j-2.1.3.jar;C:\Users\Anh Cuong Dau\.m2\repository\org\glassfish\jaxb\jaxb-runtime\3.0.2\jaxb-runtime-3.0.2.jar;C:\Users\Anh Cuong Dau\.m2\repository\org\glassfish\jaxb\jaxb-core\3.0.2\jaxb-core-3.0.2.jar;C:\Users\Anh Cuong Dau\.m2\repository\org\glassfish\jaxb\txw2\3.0.2\txw2-3.0.2.jar;C:\Users\Anh Cuong Dau\.m2\repository\com\sun\istack\istack-commons-runtime\4.0.1\istack-commons-runtime-4.0.1.jar;C:\Users\Anh Cuong Dau\.m2\repository\org\springframework\data\spring-data-jpa\3.0.0-M4\spring-data-jpa-3.0.0-M4.jar;C:\Users\Anh Cuong Dau\.m2\repository\org\springframework\data\spring-data-commons\3.0.0-M4\spring-data-commons-3.0.0-M4.jar;C:\Users\Anh Cuong Dau\.m2\repository\org\springframework\spring-orm\6.0.0-M4\spring-orm-6.0.0-M4.jar;C:\Users\Anh Cuong Dau\.m2\repository\org\springframework\spring-context\6.0.0-M4\spring-context-6.0.0-M4.jar;C:\Users\Anh Cuong Dau\.m2\repository\org\springframework\spring-tx\6.0.0-M4\spring-tx-6.0.0-M4.jar;C:\Users\Anh Cuong Dau\.m2\repository\org\springframework\spring-beans\6.0.0-M4\spring-beans-6.0.0-M4.jar;C:\Users\Anh Cuong Dau\.m2\repository\jakarta\annotation\jakarta.annotation-api\2.0.0\jakarta.annotation-api-2.0.0.jar;C:\Users\Anh Cuong Dau\.m2\repository\org\slf4j\slf4j-api\1.7.36\slf4j-api-1.7.36.jar;C:\Users\Anh Cuong Dau\.m2\repository\org\springframework\spring-aspects\6.0.0-M4\spring-aspects-6.0.0-M4.jar;C:\Users\Anh Cuong Dau\.m2\repository\org\springframework\boot\spring-boot-starter-web\3.0.0-SNAPSHOT\spring-boot-starter-web-3.0.0-20220523.124547-519.jar;C:\Users\Anh Cuong Dau\.m2\repository\org\springframework\boot\spring-boot-starter\3.0.0-SNAPSHOT\spring-boot-starter-3.0.0-20220523.124547-519.jar;C:\Users\Anh Cuong Dau\.m2\repository\org\springframework\boot\spring-boot\3.0.0-SNAPSHOT\spring-boot-3.0.0-20220523.124547-519.jar;C:\Users\Anh Cuong Dau\.m2\repository\org\springframework\boot\spring-boot-autoconfigure\3.0.0-SNAPSHOT\spring-boot-autoconfigure-3.0.0-20220523.124547-519.jar;C:\Users\Anh Cuong Dau\.m2\repository\org\springframework\boot\spring-boot-starter-logging\3.0.0-SNAPSHOT\spring-boot-starter-logging-3.0.0-20220523.124547-519.jar;C:\Users\Anh Cuong Dau\.m2\repository\ch\qos\logback\logback-classic\1.2.11\logback-classic-1.2.11.jar;C:\Users\Anh Cuong Dau\.m2\repository\ch\qos\logback\logback-core\1.2.11\logback-core-1.2.11.jar;C:\Users\Anh Cuong Dau\.m2\repository\org\apache\logging\log4j\log4j-to-slf4j\2.17.2\log4j-to-slf4j-2.17.2.jar;C:\Users\Anh Cuong Dau\.m2\repository\org\apache\logging\log4j\log4j-api\2.17.2\log4j-api-2.17.2.jar;C:\Users\Anh Cuong Dau\.m2\repository\org\slf4j\jul-to-slf4j\1.7.36\jul-to-slf4j-1.7.36.jar;C:\Users\Anh Cuong Dau\.m2\repository\org\yaml\snakeyaml\1.30\snakeyaml-1.30.jar;C:\Users\Anh Cuong Dau\.m2\repository\org\springframework\boot\spring-boot-starter-json\3.0.0-SNAPSHOT\spring-boot-starter-json-3.0.0-20220523.124547-519.jar;C:\Users\Anh Cuong Dau\.m2\repository\com\fasterxml\jackson\core\jackson-databind\2.13.3\jackson-databind-2.13.3.jar;C:\Users\Anh Cuong Dau\.m2\repository\com\fasterxml\jackson\core\jackson-annotations\2.13.3\jackson-annotations-2.13.3.jar;C:\Users\Anh Cuong Dau\.m2\repository\com\fasterxml\jackson\core\jackson-core\2.13.3\jackson-core-2.13.3.jar;C:\Users\Anh Cuong Dau\.m2\repository\com\fasterxml\jackson\datatype\jackson-datatype-jdk8\2.13.3\jackson-datatype-jdk8-2.13.3.jar;C:\Users\Anh Cuong Dau\.m2\repository\com\fasterxml\jackson\datatype\jackson-datatype-jsr310\2.13.3\jackson-datatype-jsr310-2.13.3.jar;C:\Users\Anh Cuong Dau\.m2\repository\com\fasterxml\jackson\module\jackson-module-parameter-names\2.13.3\jackson-module-parameter-names-2.13.3.jar;C:\Users\Anh Cuong Dau\.m2\repository\org\springframework\boot\spring-boot-starter-tomcat\3.0.0-SNAPSHOT\spring-boot-starter-tomcat-3.0.0-20220523.124547-519.jar;C:\Users\Anh Cuong Dau\.m2\repository\org\apache\tomcat\embed\tomcat-embed-core\10.0.21\tomcat-embed-core-10.0.21.jar;C:\Users\Anh Cuong Dau\.m2\repository\org\apache\tomcat\embed\tomcat-embed-el\10.0.21\tomcat-embed-el-10.0.21.jar;C:\Users\Anh Cuong Dau\.m2\repository\org\apache\tomcat\embed\tomcat-embed-websocket\10.0.21\tomcat-embed-websocket-10.0.21.jar;C:\Users\Anh Cuong Dau\.m2\repository\org\springframework\spring-web\6.0.0-M4\spring-web-6.0.0-M4.jar;C:\Users\Anh Cuong Dau\.m2\repository\org\springframework\spring-webmvc\6.0.0-M4\spring-webmvc-6.0.0-M4.jar;C:\Users\Anh Cuong Dau\.m2\repository\org\springframework\spring-expression\6.0.0-M4\spring-expression-6.0.0-M4.jar;C:\Users\Anh Cuong Dau\.m2\repository\mysql\mysql-connector-java\8.0.29\mysql-connector-java-8.0.29.jar;C:\Users\Anh Cuong Dau\.m2\repository\org\projectlombok\lombok\1.18.24\lombok-1.18.24.jar;C:\Users\Anh Cuong Dau\.m2\repository\org\hibernate\hibernate-entitymanager\5.2.3.Final\hibernate-entitymanager-5.2.3.Final.jar;C:\Users\Anh Cuong Dau\.m2\repository\org\jboss\logging\jboss-logging\3.5.0.Final\jboss-logging-3.5.0.Final.jar;C:\Users\Anh Cuong Dau\.m2\repository\dom4j\dom4j\1.6.1\dom4j-1.6.1.jar;C:\Users\Anh Cuong Dau\.m2\repository\org\hibernate\common\hibernate-commons-annotations\5.0.1.Final\hibernate-commons-annotations-5.0.1.Final.jar;C:\Users\Anh Cuong Dau\.m2\repository\org\hibernate\javax\persistence\hibernate-jpa-2.1-api\1.0.0.Final\hibernate-jpa-2.1-api-1.0.0.Final.jar;C:\Users\Anh Cuong Dau\.m2\repository\org\javassist\javassist\3.20.0-GA\javassist-3.20.0-GA.jar;C:\Users\Anh Cuong Dau\.m2\repository\org\apache\geronimo\specs\geronimo-jta_1.1_spec\1.1.1\geronimo-jta_1.1_spec-1.1.1.jar;C:\Users\Anh Cuong Dau\.m2\repository\org\hibernate\hibernate-core\4.1.4.Final\hibernate-core-4.1.4.Final.jar;C:\Users\Anh Cuong Dau\.m2\repository\antlr\antlr\2.7.7\antlr-2.7.7.jar;C:\Users\Anh Cuong Dau\.m2\repository\org\jboss\spec\javax\transaction\jboss-transaction-api_1.1_spec\1.0.0.Final\jboss-transaction-api_1.1_spec-1.0.0.Final.jar;C:\Users\Anh Cuong Dau\.m2\repository\org\hibernate\javax\persistence\hibernate-jpa-2.0-api\1.0.1.Final\hibernate-jpa-2.0-api-1.0.1.Final.jar;C:\Users\Anh Cuong Dau\.m2\repository\org\hibernate\validator\hibernate-validator\6.0.16.Final\hibernate-validator-6.0.16.Final.jar;C:\Users\Anh Cuong Dau\.m2\repository\javax\validation\validation-api\2.0.1.Final\validation-api-2.0.1.Final.jar;C:\Users\Anh Cuong Dau\.m2\repository\com\fasterxml\classmate\1.5.1\classmate-1.5.1.jar;C:\Users\Anh Cuong Dau\.m2\repository\jakarta\xml\bind\jakarta.xml.bind-api\3.0.1\jakarta.xml.bind-api-3.0.1.jar;C:\Users\Anh Cuong Dau\.m2\repository\com\sun\activation\jakarta.activation\2.0.1\jakarta.activation-2.0.1.jar;C:\Users\Anh Cuong Dau\.m2\repository\org\springframework\spring-core\6.0.0-M4\spring-core-6.0.0-M4.jar;C:\Users\Anh Cuong Dau\.m2\repository\org\springframework\spring-jcl\6.0.0-M4\spring-jcl-6.0.0-M4.jar
Launcher Type: SUN_STANDARD

[Global flags]
     intx CICompilerCount                          = 3                                         {product} {ergonomic}
     uint ConcGCThreads                            = 1                                         {product} {ergonomic}
     uint G1ConcRefinementThreads                  = 4                                         {product} {ergonomic}
   size_t G1HeapRegionSize                         = 1048576                                   {product} {ergonomic}
    uintx GCDrainStackTargetSize                   = 64                                        {product} {ergonomic}
   size_t InitialHeapSize                          = 65011712                                  {product} {ergonomic}
     bool ManagementServer                         = true                                      {product} {command line}
   size_t MarkStackSize                            = 4194304                                   {product} {ergonomic}
   size_t MaxHeapSize                              = 1038090240                                {product} {ergonomic}
   size_t MaxNewSize                               = 622854144                                 {product} {ergonomic}
   size_t MinHeapDeltaBytes                        = 1048576                                   {product} {ergonomic}
   size_t MinHeapSize                              = 8388608                                   {product} {ergonomic}
    uintx NonProfiledCodeHeapSize                  = 0                                      {pd product} {ergonomic}
     bool ProfileInterpreter                       = false                                  {pd product} {command line}
    uintx ProfiledCodeHeapSize                     = 0                                      {pd product} {ergonomic}
   size_t SoftMaxHeapSize                          = 1038090240                             {manageable} {ergonomic}
     intx TieredStopAtLevel                        = 1                                         {product} {command line}
     bool UseCompressedClassPointers               = true                           {product lp64_product} {ergonomic}
     bool UseCompressedOops                        = true                           {product lp64_product} {ergonomic}
     bool UseG1GC                                  = true                                      {product} {ergonomic}
     bool UseLargePagesIndividualAllocation        = false                                  {pd product} {ergonomic}

Logging:
Log output configuration:
 #0: stdout all=warning uptime,level,tags foldmultilines=false
 #1: stderr all=off uptime,level,tags foldmultilines=false

Environment Variables:
PATH=C:\Program Files\Eclipse Foundation\jdk-8.0.302.8-hotspot\bin;C:\Program Files\Microsoft MPI\Bin\;C:\WINDOWS\system32;C:\WINDOWS;C:\WINDOWS\System32\Wbem;C:\WINDOWS\System32\WindowsPowerShell\v1.0\;C:\WINDOWS\System32\OpenSSH\;C:\Program Files\Java\jdk-13.0.2;C:\Program Files\Microsoft SQL Server\Client SDK\ODBC\130\Tools\Binn\;C:\Program Files (x86)\Microsoft SQL Server\140\Tools\Binn\;C:\Program Files\Microsoft SQL Server\140\Tools\Binn\;C:\Program Files\Microsoft SQL Server\140\DTS\Binn\;C:\Program Files (x86)\Microsoft SQL Server\140\DTS\Binn\;C:\Program Files\dotnet\;C:\Program Files\Microsoft SQL Server\130\Tools\Binn\;C:\Program Files\Microsoft SQL Server\Client SDK\ODBC\170\Tools\Binn\;C:\Program Files (x86)\dotnet\;C:\Program Files\nodejs\;C:\Program Files\Git\cmd;C:\Users\Anh Cuong Dau\AppData\Local\Microsoft\WindowsApps;;C:\Program Files\Azure Data Studio\bin;C:\Program Files\JetBrains\PyCharm 2020.3.3\bin;;C:\Users\Anh Cuong Dau\.dotnet\tools;C:\Program Files\JetBrains\PyCharm Community Edition 2021.1.1\bin;;C:\Users\Anh Cuong Dau\AppData\Local\Programs\Microsoft VS Code\bin;C:\Users\Anh Cuong Dau\AppData\Roaming\npm
USERNAME=Anh Cuong Dau
OS=Windows_NT
PROCESSOR_IDENTIFIER=Intel64 Family 6 Model 78 Stepping 3, GenuineIntel



---------------  S Y S T E M  ---------------

OS:
 Windows 10 , 64 bit Build 19041 (10.0.19041.1706)
OS uptime: 0 days 1:14 hours

CPU: total 4 (initial active 4) (2 cores per cpu, 2 threads per core) family 6 model 78 stepping 3 microcode 0xcc, cx8, cmov, fxsr, ht, mmx, 3dnowpref, sse, sse2, sse3, ssse3, sse4.1, sse4.2, popcnt, lzcnt, tsc, tscinvbit, avx, avx2, aes, erms, clmul, bmi1, bmi2, adx, fma, vzeroupper, clflush, clflushopt

Memory: 4k page, system-wide physical 3957M (55M free)
TotalPageFile size 11125M (AvailPageFile size 0M)
current process WorkingSet (physical memory assigned to process): 63M, peak: 63M
current process commit charge ("private bytes"): 140M, peak: 140M

vm_info: OpenJDK 64-Bit Server VM (18.0.1.1+2-6) for windows-amd64 JRE (18.0.1.1+2-6), built on Apr 25 2022 21:50:56 by "mach5one" with MS VC++ 16.8 / 16.9 (VS2019)

END.
